<?xml version="1.0" encoding="UTF-8"?>
<testsuites tests="1" failures="0" errors="0" skipped="0">
  <testsuite name="some info" timestamp="2024-03-25T16:45:56" time="3.126" tests="1" failures="0" errors="0" skipped="0">
    <properties>
      <property name="specId" value="0"/>
      <property name="suiteName" value="some info"/>
      <property name="capabilities" value="chrome.123_0_6312_58.windows"/>
      <property name="file" value="file:///C:/myFolder/myProjects/testWebdriverio/test/specs/test2.ts"/>
    </properties>
    <testcase classname="chrome.123_0_6312_58.windows.some_info" name="test one" time="3.125">
      <system-out><![CDATA[
COMMAND: POST /session/c73ac7488c5fe515efb9a0937da7d6db/url - {"url":"http://google.com/"}
RESULT: {"url":"http://google.com/"}
COMMAND: POST /session/c73ac7488c5fe515efb9a0937da7d6db/element - {"using":"xpath","value":"//*[text()=\"Принять все\"]"}
RESULT: {"using":"xpath","value":"//*[text()=\"Принять все\"]"}
COMMAND: POST /session/c73ac7488c5fe515efb9a0937da7d6db/execute/sync - {"script":"return (function (elem, id) {\n        return (function parentElement() {\n        return this.parentElement;\n    }).call(elem, id);\n    }).apply(null, arguments)","args":[{"element-6066-11e4-a52e-4f735466cecf":"f.95194CD084BE8A7449FA5DAB62A12521.d.26A81E038B6F1419110F70CCF6B921F4.e.36","ELEMENT":"f.95194CD084BE8A7449FA5DAB62A12521.d.26A81E038B6F1419110F70CCF6B921F4.e.36"}]}
RESULT: {"script":"return (function (elem, id) {\n        return (function parentElement() {\n        return this.parentElement;\n    }).call(elem, id);\n    }).apply(null, arguments)","args":[{"element-6066-11e4-a52e-4f735466cecf":"f.95194CD084BE8A7449FA5DAB62A12521.d.26A81E038B6F1419110F70CCF6B921F4.e.36","ELEMENT":"f.95194CD084BE8A7449FA5DAB62A12521.d.26A81E038B6F1419110F70CCF6B921F4.e.36"}]}
COMMAND: POST /session/c73ac7488c5fe515efb9a0937da7d6db/element/f.95194CD084BE8A7449FA5DAB62A12521.d.26A81E038B6F1419110F70CCF6B921F4.e.37/click - {}
RESULT: {}
COMMAND: POST /session/c73ac7488c5fe515efb9a0937da7d6db/element - {"using":"css selector","value":"[name=\"q\"]"}
RESULT: {"using":"css selector","value":"[name=\"q\"]"}
COMMAND: POST /session/c73ac7488c5fe515efb9a0937da7d6db/element/f.95194CD084BE8A7449FA5DAB62A12521.d.26A81E038B6F1419110F70CCF6B921F4.e.16/clear - {}
RESULT: {}
COMMAND: POST /session/c73ac7488c5fe515efb9a0937da7d6db/element/f.95194CD084BE8A7449FA5DAB62A12521.d.26A81E038B6F1419110F70CCF6B921F4.e.16/value - {"text":"666"}
RESULT: {"text":"666"}
COMMAND: POST /session/c73ac7488c5fe515efb9a0937da7d6db/element - {"using":"css selector","value":"[value=\"Поиск в Google\"]"}
RESULT: {"using":"css selector","value":"[value=\"Поиск в Google\"]"}
COMMAND: POST /session/c73ac7488c5fe515efb9a0937da7d6db/element/f.95194CD084BE8A7449FA5DAB62A12521.d.26A81E038B6F1419110F70CCF6B921F4.e.41/click - {}
RESULT: {}
COMMAND: DELETE /session/c73ac7488c5fe515efb9a0937da7d6db - {}
RESULT: {}
]]></system-out>
    </testcase>
  </testsuite>
</testsuites>